<?xml version="1.0" encoding="UTF-8"?>
<testsuite name="TestSuite" time="4.989" tests="3" errors="0" skipped="0" failures="1">
  <properties>
[...]
</properties>
  <testcase name="login" classname="com.vmetry.Pagetest.LoginPageTest" time="4.989"/>
  <testcase name="login" classname="com.vmetry.Pagetest.LoginPageTest" time="2.399"/>
  <testcase name="login" classname="com.vmetry.Pagetest.LoginPageTest" time="21.418">
    <failure message="The following asserts failed:&#10;null" type="java.lang.AssertionError">java.lang.AssertionError: The following asserts failed:
null
	at org.testng.asserts.SoftAssert.assertAll(SoftAssert.java:38)
	at com.vmetry.Pagetest.LoginPageTest.login(LoginPageTest.java:64)
</failure>
  </testcase>
</testsuite>